


ARM Macro Assembler    Page 1 


    1 00000000         
    2 00000000         
    3 00000000 E000ED08 
                       SCB_VTOR
                               EQU              0xE000ED08  ; Vector Table Offs
                                                            et Register
    4 00000000 E000ED04 
                       NVIC_INT_CTRL
                               EQU              0xE000ED04  ; interrupt control
                                                             state register
    5 00000000 E000ED20 
                       NVIC_SYSPRI2
                               EQU              0xE000ED20  ; system priority r
                                                            egister (2)
    6 00000000 FFFF0000 
                       NVIC_PENDSV_PRI
                               EQU              0xFFFF0000  ; PendSV and SysTic
                                                            k priority value (l
                                                            owest)
    7 00000000 10000000 
                       NVIC_PENDSVSET
                               EQU              0x10000000  ; value to trigger 
                                                            PendSV exception
    8 00000000         
    9 00000000                 AREA             |.text|, CODE, READONLY, ALIGN=
2
   10 00000000                 THUMB
   11 00000000                 REQUIRE8
   12 00000000                 PRESERVE8
   13 00000000         
   14 00000000                 IMPORT           ly_thread_switch_interrupt_flag
   15 00000000                 IMPORT           ly_interrupt_from_thread
   16 00000000                 IMPORT           ly_interrupt_to_thread
   17 00000000         
   18 00000000         interrupt_disable
                               PROC
   19 00000000                 EXPORT           interrupt_disable
   20 00000000 F3EF 8010       MRS              r0, PRIMASK
   21 00000004 B672            CPSID            I
   22 00000006 4770            BX               LR
   23 00000008                 ENDP
   24 00000008         
   25 00000008         interrupt_enable
                               PROC
   26 00000008                 EXPORT           interrupt_enable
   27 00000008 F380 8810       MSR              PRIMASK, r0
   28 0000000C 4770            BX               LR
   29 0000000E                 ENDP
   30 0000000E         
   31 0000000E         ;
   32 0000000E         ;  void rt_hw_context_switch(rt_uint32 from, rt_uint32 t
                       o);
   33 0000000E         ;  r0 -- from
   34 0000000E         ;  r1 -- to
   35 0000000E         ; 
   36 0000000E         ly_context_switch_interrupt
   37 0000000E                 EXPORT           ly_context_switch_interrupt
   38 0000000E         ly_context_switch
                               PROC



ARM Macro Assembler    Page 2 


   39 0000000E                 EXPORT           ly_context_switch
   40 0000000E         
   41 0000000E         ; set rt_thread_switch_interrupt_flag to 1
   42 0000000E 4A27            LDR              r2, =ly_thread_switch_interrupt
_flag
   43 00000010 6813            LDR              r3, [r2]
   44 00000012 2B01            CMP              r3, #1
   45 00000014 D004            BEQ              _reswitch
   46 00000016 F04F 0301       MOV              r3, #1
   47 0000001A 6013            STR              r3, [r2]
   48 0000001C         
   49 0000001C 4A24            LDR              r2, =ly_interrupt_from_thread
   50 0000001E 6010            STR              r0, [r2]
   51 00000020         
   52 00000020         _reswitch
   53 00000020 4A24            LDR              r2, =ly_interrupt_to_thread
   54 00000022 6011            STR              r1, [r2]
   55 00000024         
   56 00000024 4824            LDR              r0, =NVIC_INT_CTRL
   57 00000026 F04F 5180       LDR              r1, =NVIC_PENDSVSET
   58 0000002A 6001            STR              r1, [r0]
   59 0000002C 4770            BX               LR
   60 0000002E                 ENDP
   61 0000002E         
   62 0000002E         ; r0 -- switch from thread stack
   63 0000002E         ; r1 -- switch to thread stack
   64 0000002E         ; psr, pc, lr, r12, r3, r2, r1, r0 are pushed into [from
                       ] stack
   65 0000002E         PendSV_Handler
                               PROC
   66 0000002E                 EXPORT           PendSV_Handler
   67 0000002E         
   68 0000002E F3EF 8210       MRS              r2, PRIMASK
   69 00000032 B672            CPSID            I
   70 00000034         
   71 00000034 481D            LDR              r0, =ly_thread_switch_interrupt
_flag
   72 00000036 6801            LDR              r1, [r0]
   73 00000038 B191            CBZ              r1, pendsv_exit
   74 0000003A         
   75 0000003A F04F 0100       MOV              r1, #0x00
   76 0000003E 6001            STR              r1, [r0]
   77 00000040         
   78 00000040 481B            LDR              r0, =ly_interrupt_from_thread
   79 00000042 6801            LDR              r1, [r0]
   80 00000044 B129            CBZ              r1, switch_to_thread
   81 00000046         
   82 00000046 F3EF 8109       MRS              r1, psp
   83 0000004A E921 0FF0       STMFD            r1!, {r4 - r11}
   84 0000004E 6800            LDR              r0, [r0]
   85 00000050 6001            STR              r1, [r0]
   86 00000052         
   87 00000052         switch_to_thread
   88 00000052 4918            LDR              r1, =ly_interrupt_to_thread
   89 00000054 6809            LDR              r1, [r1]
   90 00000056 6809            LDR              r1, [r1]
   91 00000058         
   92 00000058 E8B1 0FF0       LDMFD            r1!, {r4 - r11}
   93 0000005C F381 8809       MSR              psp, r1



ARM Macro Assembler    Page 3 


   94 00000060         
   95 00000060         pendsv_exit
   96 00000060 F382 8810       MSR              PRIMASK, r2
   97 00000064         
   98 00000064 F04E 0E04       ORR              lr, lr, #0x04
   99 00000068 4770            BX               lr
  100 0000006A                 ENDP
  101 0000006A         
  102 0000006A         ;
  103 0000006A         ;  void rt_hw_context_switch_to(rt_uint32 to);
  104 0000006A         ;  r0 -- to
  105 0000006A         ;  this fucntion is used to perform the first thread swi
                       tch
  106 0000006A         ; 
  107 0000006A         ly_context_switch_to
                               PROC
  108 0000006A                 EXPORT           ly_context_switch_to
  109 0000006A         
  110 0000006A 4912            LDR              r1, =ly_interrupt_to_thread
  111 0000006C 6008            STR              r0, [r1]
  112 0000006E         
  113 0000006E 4910            LDR              r1, =ly_interrupt_from_thread
  114 00000070 F04F 0000       MOV              r0, #0x0
  115 00000074 6008            STR              r0, [r1]
  116 00000076         
  117 00000076 490D            LDR              r1, =ly_thread_switch_interrupt
_flag
  118 00000078 F04F 0001       MOV              r0, #1
  119 0000007C 6008            STR              r0, [r1]
  120 0000007E         
  121 0000007E 480F            LDR              r0, =NVIC_SYSPRI2
  122 00000080 490F            LDR              r1, =NVIC_PENDSV_PRI
  123 00000082 F8D0 2000       LDR.W            r2, [r0,#0x00]
  124 00000086 EA41 0102       ORR              r1,r1,r2
  125 0000008A 6001            STR              r1, [r0]
  126 0000008C         
  127 0000008C 480A            LDR              r0, =NVIC_INT_CTRL
  128 0000008E F04F 5180       LDR              r1, =NVIC_PENDSVSET
  129 00000092 6001            STR              r1, [r0]
  130 00000094         
  131 00000094 480B            LDR              r0, =SCB_VTOR
  132 00000096 6800            LDR              r0, [r0]
  133 00000098 6800            LDR              r0, [r0]
  134 0000009A F380 8808       MSR              msp, r0
  135 0000009E         
  136 0000009E B661            CPSIE            F
  137 000000A0 B662            CPSIE            I
  138 000000A2         
  139 000000A2 F3BF 8F4F       DSB
  140 000000A6 F3BF 8F6F       ISB
  141 000000AA         
  142 000000AA                 ENDP
  143 000000AA         
  144 000000AA         
  145 000000AA         ly_interrupt_thread_switch
                               PROC
  146 000000AA                 EXPORT           ly_interrupt_thread_switch
  147 000000AA 4770            BX               lr
  148 000000AC                 ENDP



ARM Macro Assembler    Page 4 


  149 000000AC         
  150 000000AC         
  151 000000AC                 ALIGN            4
  152 000000AC         
  153 000000AC                 END
              00000000 
              00000000 
              00000000 
              E000ED04 
              E000ED20 
              FFFF0000 
              E000ED08 
Command Line: --debug --xref --diag_suppress=9931 --cpu=Cortex-M3 --apcs=interw
ork --depend=.\obj\context_rvds.d -o.\obj\context_rvds.o -I.\RTE\_liyou -ID:\36
Keil_5_MDK\install\ARM\PACK\Keil\STM32F1xx_DFP\1.0.5\Device\Include -ID:\36Keil
_5_MDK\install\ARM\CMSIS\Include --predefine="__MICROLIB SETA 1" --predefine="_
_UVISION_VERSION SETA 527" --predefine="STM32F10X_HD SETA 1" --list=.\obj\conte
xt_rvds.lst ..\..\..\..\board\arm\cortex-m3\context_rvds.S



ARM Macro Assembler    Page 1 Alphabetic symbol ordering
Relocatable symbols

.text 00000000

Symbol: .text
   Definitions
      At line 9 in file ..\..\..\..\board\arm\cortex-m3\context_rvds.S
   Uses
      None
Comment: .text unused
PendSV_Handler 0000002E

Symbol: PendSV_Handler
   Definitions
      At line 65 in file ..\..\..\..\board\arm\cortex-m3\context_rvds.S
   Uses
      At line 66 in file ..\..\..\..\board\arm\cortex-m3\context_rvds.S
Comment: PendSV_Handler used once
_reswitch 00000020

Symbol: _reswitch
   Definitions
      At line 52 in file ..\..\..\..\board\arm\cortex-m3\context_rvds.S
   Uses
      At line 45 in file ..\..\..\..\board\arm\cortex-m3\context_rvds.S
Comment: _reswitch used once
interrupt_disable 00000000

Symbol: interrupt_disable
   Definitions
      At line 18 in file ..\..\..\..\board\arm\cortex-m3\context_rvds.S
   Uses
      At line 19 in file ..\..\..\..\board\arm\cortex-m3\context_rvds.S
Comment: interrupt_disable used once
interrupt_enable 00000008

Symbol: interrupt_enable
   Definitions
      At line 25 in file ..\..\..\..\board\arm\cortex-m3\context_rvds.S
   Uses
      At line 26 in file ..\..\..\..\board\arm\cortex-m3\context_rvds.S
Comment: interrupt_enable used once
ly_context_switch 0000000E

Symbol: ly_context_switch
   Definitions
      At line 38 in file ..\..\..\..\board\arm\cortex-m3\context_rvds.S
   Uses
      At line 39 in file ..\..\..\..\board\arm\cortex-m3\context_rvds.S
Comment: ly_context_switch used once
ly_context_switch_interrupt 0000000E

Symbol: ly_context_switch_interrupt
   Definitions
      At line 36 in file ..\..\..\..\board\arm\cortex-m3\context_rvds.S
   Uses
      At line 37 in file ..\..\..\..\board\arm\cortex-m3\context_rvds.S
Comment: ly_context_switch_interrupt used once
ly_context_switch_to 0000006A

Symbol: ly_context_switch_to



ARM Macro Assembler    Page 2 Alphabetic symbol ordering
Relocatable symbols

   Definitions
      At line 107 in file ..\..\..\..\board\arm\cortex-m3\context_rvds.S
   Uses
      At line 108 in file ..\..\..\..\board\arm\cortex-m3\context_rvds.S
Comment: ly_context_switch_to used once
ly_interrupt_thread_switch 000000AA

Symbol: ly_interrupt_thread_switch
   Definitions
      At line 145 in file ..\..\..\..\board\arm\cortex-m3\context_rvds.S
   Uses
      At line 146 in file ..\..\..\..\board\arm\cortex-m3\context_rvds.S
Comment: ly_interrupt_thread_switch used once
pendsv_exit 00000060

Symbol: pendsv_exit
   Definitions
      At line 95 in file ..\..\..\..\board\arm\cortex-m3\context_rvds.S
   Uses
      At line 73 in file ..\..\..\..\board\arm\cortex-m3\context_rvds.S
Comment: pendsv_exit used once
switch_to_thread 00000052

Symbol: switch_to_thread
   Definitions
      At line 87 in file ..\..\..\..\board\arm\cortex-m3\context_rvds.S
   Uses
      At line 80 in file ..\..\..\..\board\arm\cortex-m3\context_rvds.S
Comment: switch_to_thread used once
11 symbols



ARM Macro Assembler    Page 1 Alphabetic symbol ordering
Absolute symbols

NVIC_INT_CTRL E000ED04

Symbol: NVIC_INT_CTRL
   Definitions
      At line 4 in file ..\..\..\..\board\arm\cortex-m3\context_rvds.S
   Uses
      At line 56 in file ..\..\..\..\board\arm\cortex-m3\context_rvds.S
      At line 127 in file ..\..\..\..\board\arm\cortex-m3\context_rvds.S

NVIC_PENDSVSET 10000000

Symbol: NVIC_PENDSVSET
   Definitions
      At line 7 in file ..\..\..\..\board\arm\cortex-m3\context_rvds.S
   Uses
      At line 57 in file ..\..\..\..\board\arm\cortex-m3\context_rvds.S
      At line 128 in file ..\..\..\..\board\arm\cortex-m3\context_rvds.S

NVIC_PENDSV_PRI FFFF0000

Symbol: NVIC_PENDSV_PRI
   Definitions
      At line 6 in file ..\..\..\..\board\arm\cortex-m3\context_rvds.S
   Uses
      At line 122 in file ..\..\..\..\board\arm\cortex-m3\context_rvds.S
Comment: NVIC_PENDSV_PRI used once
NVIC_SYSPRI2 E000ED20

Symbol: NVIC_SYSPRI2
   Definitions
      At line 5 in file ..\..\..\..\board\arm\cortex-m3\context_rvds.S
   Uses
      At line 121 in file ..\..\..\..\board\arm\cortex-m3\context_rvds.S
Comment: NVIC_SYSPRI2 used once
SCB_VTOR E000ED08

Symbol: SCB_VTOR
   Definitions
      At line 3 in file ..\..\..\..\board\arm\cortex-m3\context_rvds.S
   Uses
      At line 131 in file ..\..\..\..\board\arm\cortex-m3\context_rvds.S
Comment: SCB_VTOR used once
5 symbols



ARM Macro Assembler    Page 1 Alphabetic symbol ordering
External symbols

ly_interrupt_from_thread 00000000

Symbol: ly_interrupt_from_thread
   Definitions
      At line 15 in file ..\..\..\..\board\arm\cortex-m3\context_rvds.S
   Uses
      At line 49 in file ..\..\..\..\board\arm\cortex-m3\context_rvds.S
      At line 78 in file ..\..\..\..\board\arm\cortex-m3\context_rvds.S
      At line 113 in file ..\..\..\..\board\arm\cortex-m3\context_rvds.S

ly_interrupt_to_thread 00000000

Symbol: ly_interrupt_to_thread
   Definitions
      At line 16 in file ..\..\..\..\board\arm\cortex-m3\context_rvds.S
   Uses
      At line 53 in file ..\..\..\..\board\arm\cortex-m3\context_rvds.S
      At line 88 in file ..\..\..\..\board\arm\cortex-m3\context_rvds.S
      At line 110 in file ..\..\..\..\board\arm\cortex-m3\context_rvds.S

ly_thread_switch_interrupt_flag 00000000

Symbol: ly_thread_switch_interrupt_flag
   Definitions
      At line 14 in file ..\..\..\..\board\arm\cortex-m3\context_rvds.S
   Uses
      At line 42 in file ..\..\..\..\board\arm\cortex-m3\context_rvds.S
      At line 71 in file ..\..\..\..\board\arm\cortex-m3\context_rvds.S
      At line 117 in file ..\..\..\..\board\arm\cortex-m3\context_rvds.S

3 symbols
354 symbols in table
